<?xml version="1.0" encoding="UTF-8"?>
<testsuite name="ParcelTest" tests="2" skipped="0" failures="0" errors="0" timestamp="2016-02-15T21:20:50" hostname="epicodus-50.local" time="0.002">
  <properties/>
  <testcase name="newParcel_instantiatesCorrectly" classname="ParcelTest" time="0.001"/>
  <testcase name="newParcel_setsHeight" classname="ParcelTest" time="0.001"/>
  <system-out><![CDATA[]]></system-out>
  <system-err><![CDATA[]]></system-err>
</testsuite>
