<?xml version="1.0" encoding="UTF-8"?>
<testsuite name="ParcelTest" tests="5" skipped="0" failures="0" errors="0" timestamp="2016-02-15T21:22:32" hostname="epicodus-50.local" time="0.001">
  <properties/>
  <testcase name="newParcel_instantiatesCorrectly" classname="ParcelTest" time="0.001"/>
  <testcase name="newParcel_setsWidth" classname="ParcelTest" time="0.0"/>
  <testcase name="newParcel_setsHeight" classname="ParcelTest" time="0.0"/>
  <testcase name="newParcel_setsLength" classname="ParcelTest" time="0.0"/>
  <testcase name="newParcel_setsWeight" classname="ParcelTest" time="0.0"/>
  <system-out><![CDATA[]]></system-out>
  <system-err><![CDATA[]]></system-err>
</testsuite>
